Determining if the pthread_create exist failed with the following output:
Change Dir: /home/unitree/catkin_ws/build/CMakeFiles/CMakeTmp

Run Build Command(s):/usr/bin/make cmTC_1b94c/fast 
/usr/bin/make -f CMakeFiles/cmTC_1b94c.dir/build.make CMakeFiles/cmTC_1b94c.dir/build
make[1]: Entering directory '/home/unitree/catkin_ws/build/CMakeFiles/CMakeTmp'
Building C object CMakeFiles/cmTC_1b94c.dir/CheckSymbolExists.c.o
/usr/bin/cc    -o CMakeFiles/cmTC_1b94c.dir/CheckSymbolExists.c.o   -c /home/unitree/catkin_ws/build/CMakeFiles/CMakeTmp/CheckSymbolExists.c
Linking C executable cmTC_1b94c
/usr/local/bin/cmake -E cmake_link_script CMakeFiles/cmTC_1b94c.dir/link.txt --verbose=1
/usr/bin/cc      -rdynamic CMakeFiles/cmTC_1b94c.dir/CheckSymbolExists.c.o  -o cmTC_1b94c 
CMakeFiles/cmTC_1b94c.dir/CheckSymbolExists.c.o: In function `main':
CheckSymbolExists.c:(.text+0x14): undefined reference to `pthread_create'
CheckSymbolExists.c:(.text+0x18): undefined reference to `pthread_create'
collect2: error: ld returned 1 exit status
CMakeFiles/cmTC_1b94c.dir/build.make:86: recipe for target 'cmTC_1b94c' failed
make[1]: *** [cmTC_1b94c] Error 1
make[1]: Leaving directory '/home/unitree/catkin_ws/build/CMakeFiles/CMakeTmp'
Makefile:121: recipe for target 'cmTC_1b94c/fast' failed
make: *** [cmTC_1b94c/fast] Error 2

File /home/unitree/catkin_ws/build/CMakeFiles/CMakeTmp/CheckSymbolExists.c:
/* */
#include <pthread.h>

int main(int argc, char** argv)
{
  (void)argv;
#ifndef pthread_create
  return ((int*)(&pthread_create))[argc];
#else
  (void)argc;
  return 0;
#endif
}

Determining if the function pthread_create exists in the pthreads failed with the following output:
Change Dir: /home/unitree/catkin_ws/build/CMakeFiles/CMakeTmp

Run Build Command(s):/usr/bin/make cmTC_43e06/fast 
/usr/bin/make -f CMakeFiles/cmTC_43e06.dir/build.make CMakeFiles/cmTC_43e06.dir/build
make[1]: Entering directory '/home/unitree/catkin_ws/build/CMakeFiles/CMakeTmp'
Building C object CMakeFiles/cmTC_43e06.dir/CheckFunctionExists.c.o
/usr/bin/cc   -DCHECK_FUNCTION_EXISTS=pthread_create   -o CMakeFiles/cmTC_43e06.dir/CheckFunctionExists.c.o   -c /usr/local/share/cmake-3.14/Modules/CheckFunctionExists.c
Linking C executable cmTC_43e06
/usr/local/bin/cmake -E cmake_link_script CMakeFiles/cmTC_43e06.dir/link.txt --verbose=1
/usr/bin/cc  -DCHECK_FUNCTION_EXISTS=pthread_create    -rdynamic CMakeFiles/cmTC_43e06.dir/CheckFunctionExists.c.o  -o cmTC_43e06 -lpthreads 
/usr/bin/ld: cannot find -lpthreads
collect2: error: ld returned 1 exit status
CMakeFiles/cmTC_43e06.dir/build.make:86: recipe for target 'cmTC_43e06' failed
make[1]: *** [cmTC_43e06] Error 1
make[1]: Leaving directory '/home/unitree/catkin_ws/build/CMakeFiles/CMakeTmp'
Makefile:121: recipe for target 'cmTC_43e06/fast' failed
make: *** [cmTC_43e06/fast] Error 2


